<?xml version="1.0" encoding="UTF-8"?>
<coverage generated="1761004733594" clover="3.2.0">
  <project timestamp="1761004733594" name="All files">
    <metrics statements="64" coveredstatements="64" conditionals="3" coveredconditionals="3" methods="1" coveredmethods="1" elements="68" coveredelements="68" complexity="0" loc="64" ncloc="64" packages="3" files="3" classes="3"/>
    <package name="config.plugins">
      <metrics statements="17" coveredstatements="17" conditionals="0" coveredconditionals="0" methods="0" coveredmethods="0"/>
      <file name="env.plugin.ts" path="/Users/bryan.guillen/Desktop/NOC-App/src/config/plugins/env.plugin.ts">
        <metrics statements="17" coveredstatements="17" conditionals="0" coveredconditionals="0" methods="0" coveredmethods="0"/>
        <line num="1" count="1" type="stmt"/>
        <line num="2" count="1" type="stmt"/>
        <line num="3" count="1" type="stmt"/>
        <line num="4" count="1" type="stmt"/>
        <line num="5" count="1" type="stmt"/>
        <line num="6" count="1" type="stmt"/>
        <line num="7" count="1" type="stmt"/>
        <line num="8" count="1" type="stmt"/>
        <line num="9" count="1" type="stmt"/>
        <line num="10" count="1" type="stmt"/>
        <line num="11" count="1" type="stmt"/>
        <line num="12" count="1" type="stmt"/>
        <line num="13" count="1" type="stmt"/>
        <line num="14" count="1" type="stmt"/>
        <line num="15" count="1" type="stmt"/>
        <line num="16" count="1" type="stmt"/>
        <line num="17" count="1" type="stmt"/>
      </file>
    </package>
    <package name="data.mongo">
      <metrics statements="24" coveredstatements="24" conditionals="3" coveredconditionals="3" methods="1" coveredmethods="1"/>
      <file name="init.ts" path="/Users/bryan.guillen/Desktop/NOC-App/src/data/mongo/init.ts">
        <metrics statements="24" coveredstatements="24" conditionals="3" coveredconditionals="3" methods="1" coveredmethods="1"/>
        <line num="1" count="1" type="stmt"/>
        <line num="2" count="1" type="stmt"/>
        <line num="3" count="1" type="stmt"/>
        <line num="4" count="1" type="stmt"/>
        <line num="5" count="1" type="stmt"/>
        <line num="6" count="1" type="stmt"/>
        <line num="7" count="1" type="stmt"/>
        <line num="8" count="1" type="stmt"/>
        <line num="9" count="1" type="cond" truecount="1" falsecount="0"/>
        <line num="10" count="3" type="stmt"/>
        <line num="11" count="3" type="stmt"/>
        <line num="12" count="3" type="stmt"/>
        <line num="13" count="3" type="stmt"/>
        <line num="14" count="3" type="stmt"/>
        <line num="15" count="3" type="stmt"/>
        <line num="16" count="2" type="cond" truecount="1" falsecount="0"/>
        <line num="17" count="2" type="stmt"/>
        <line num="18" count="2" type="stmt"/>
        <line num="19" count="2" type="cond" truecount="1" falsecount="0"/>
        <line num="20" count="1" type="stmt"/>
        <line num="21" count="1" type="stmt"/>
        <line num="22" count="1" type="stmt"/>
        <line num="23" count="3" type="stmt"/>
        <line num="24" count="1" type="stmt"/>
      </file>
    </package>
    <package name="data.mongo.models">
      <metrics statements="23" coveredstatements="23" conditionals="0" coveredconditionals="0" methods="0" coveredmethods="0"/>
      <file name="log.model.ts" path="/Users/bryan.guillen/Desktop/NOC-App/src/data/mongo/models/log.model.ts">
        <metrics statements="23" coveredstatements="23" conditionals="0" coveredconditionals="0" methods="0" coveredmethods="0"/>
        <line num="1" count="1" type="stmt"/>
        <line num="2" count="1" type="stmt"/>
        <line num="3" count="1" type="stmt"/>
        <line num="4" count="1" type="stmt"/>
        <line num="5" count="1" type="stmt"/>
        <line num="6" count="1" type="stmt"/>
        <line num="7" count="1" type="stmt"/>
        <line num="8" count="1" type="stmt"/>
        <line num="9" count="1" type="stmt"/>
        <line num="10" count="1" type="stmt"/>
        <line num="11" count="1" type="stmt"/>
        <line num="12" count="1" type="stmt"/>
        <line num="13" count="1" type="stmt"/>
        <line num="14" count="1" type="stmt"/>
        <line num="15" count="1" type="stmt"/>
        <line num="16" count="1" type="stmt"/>
        <line num="17" count="1" type="stmt"/>
        <line num="18" count="1" type="stmt"/>
        <line num="19" count="1" type="stmt"/>
        <line num="20" count="1" type="stmt"/>
        <line num="21" count="1" type="stmt"/>
        <line num="22" count="1" type="stmt"/>
        <line num="23" count="1" type="stmt"/>
      </file>
    </package>
  </project>
</coverage>
