TN:
SF:src/domain/entities/log.entity.ts
FN:20,LogEntity
FN:29,fromJson
FN:42,fromObject
FNF:3
FNH:3
FNDA:4,LogEntity
FNDA:1,fromJson
FNDA:1,fromObject
DA:1,3
DA:2,3
DA:3,3
DA:4,3
DA:5,3
DA:6,1
DA:7,1
DA:8,1
DA:9,1
DA:10,1
DA:11,1
DA:12,1
DA:13,1
DA:14,1
DA:15,1
DA:16,1
DA:17,1
DA:18,1
DA:19,1
DA:20,1
DA:21,4
DA:22,4
DA:23,4
DA:24,4
DA:25,4
DA:26,4
DA:27,4
DA:28,1
DA:29,1
DA:30,1
DA:31,1
DA:32,1
DA:33,1
DA:34,1
DA:35,1
DA:36,1
DA:37,1
DA:38,1
DA:39,1
DA:40,1
DA:41,1
DA:42,1
DA:43,1
DA:44,1
DA:45,1
DA:46,1
DA:47,1
DA:48,1
DA:49,1
LF:49
LH:49
BRDA:1,0,0,3
BRDA:20,1,0,4
BRDA:29,2,0,1
BRDA:42,3,0,1
BRF:4
BRH:4
end_of_record
